2025-12-15 08:42:53,856 - app - INFO - 🚀 Starting LH Contract Management System v1.0.0
2025-12-15 08:42:53,906 - sqlalchemy.engine.Engine - INFO - select pg_catalog.version()
2025-12-15 08:42:53,906 - sqlalchemy.engine.Engine - INFO - [raw sql] ()
2025-12-15 08:42:53,909 - sqlalchemy.engine.Engine - INFO - select current_schema()
2025-12-15 08:42:53,910 - sqlalchemy.engine.Engine - INFO - [raw sql] ()
2025-12-15 08:42:53,913 - sqlalchemy.engine.Engine - INFO - show standard_conforming_strings
2025-12-15 08:42:53,913 - sqlalchemy.engine.Engine - INFO - [raw sql] ()
2025-12-15 08:42:53,915 - sqlalchemy.engine.Engine - INFO - BEGIN (implicit)
2025-12-15 08:42:53,918 - sqlalchemy.engine.Engine - INFO - SELECT pg_catalog.pg_class.relname 
FROM pg_catalog.pg_class JOIN pg_catalog.pg_namespace ON pg_catalog.pg_namespace.oid = pg_catalog.pg_class.relnamespace 
WHERE pg_catalog.pg_class.relname = $1::VARCHAR AND pg_catalog.pg_class.relkind = ANY (ARRAY[$2::VARCHAR, $3::VARCHAR, $4::VARCHAR, $5::VARCHAR, $6::VARCHAR]) AND pg_catalog.pg_table_is_visible(pg_catalog.pg_class.oid) AND pg_catalog.pg_namespace.nspname != $7::VARCHAR
2025-12-15 08:42:53,919 - sqlalchemy.engine.Engine - INFO - [generated in 0.00056s] ('users', 'r', 'p', 'f', 'v', 'm', 'pg_catalog')
2025-12-15 08:42:53,925 - sqlalchemy.engine.Engine - INFO - SELECT pg_catalog.pg_class.relname 
FROM pg_catalog.pg_class JOIN pg_catalog.pg_namespace ON pg_catalog.pg_namespace.oid = pg_catalog.pg_class.relnamespace 
WHERE pg_catalog.pg_class.relname = $1::VARCHAR AND pg_catalog.pg_class.relkind = ANY (ARRAY[$2::VARCHAR, $3::VARCHAR, $4::VARCHAR, $5::VARCHAR, $6::VARCHAR]) AND pg_catalog.pg_table_is_visible(pg_catalog.pg_class.oid) AND pg_catalog.pg_namespace.nspname != $7::VARCHAR
2025-12-15 08:42:53,926 - sqlalchemy.engine.Engine - INFO - [cached since 0.007327s ago] ('contracts_upstream', 'r', 'p', 'f', 'v', 'm', 'pg_catalog')
2025-12-15 08:42:53,927 - sqlalchemy.engine.Engine - INFO - SELECT pg_catalog.pg_class.relname 
FROM pg_catalog.pg_class JOIN pg_catalog.pg_namespace ON pg_catalog.pg_namespace.oid = pg_catalog.pg_class.relnamespace 
WHERE pg_catalog.pg_class.relname = $1::VARCHAR AND pg_catalog.pg_class.relkind = ANY (ARRAY[$2::VARCHAR, $3::VARCHAR, $4::VARCHAR, $5::VARCHAR, $6::VARCHAR]) AND pg_catalog.pg_table_is_visible(pg_catalog.pg_class.oid) AND pg_catalog.pg_namespace.nspname != $7::VARCHAR
2025-12-15 08:42:53,928 - sqlalchemy.engine.Engine - INFO - [cached since 0.009426s ago] ('finance_upstream_receivables', 'r', 'p', 'f', 'v', 'm', 'pg_catalog')
2025-12-15 08:42:53,929 - sqlalchemy.engine.Engine - INFO - SELECT pg_catalog.pg_class.relname 
FROM pg_catalog.pg_class JOIN pg_catalog.pg_namespace ON pg_catalog.pg_namespace.oid = pg_catalog.pg_class.relnamespace 
WHERE pg_catalog.pg_class.relname = $1::VARCHAR AND pg_catalog.pg_class.relkind = ANY (ARRAY[$2::VARCHAR, $3::VARCHAR, $4::VARCHAR, $5::VARCHAR, $6::VARCHAR]) AND pg_catalog.pg_table_is_visible(pg_catalog.pg_class.oid) AND pg_catalog.pg_namespace.nspname != $7::VARCHAR
2025-12-15 08:42:53,930 - sqlalchemy.engine.Engine - INFO - [cached since 0.01152s ago] ('finance_upstream_invoices', 'r', 'p', 'f', 'v', 'm', 'pg_catalog')
2025-12-15 08:42:53,931 - sqlalchemy.engine.Engine - INFO - SELECT pg_catalog.pg_class.relname 
FROM pg_catalog.pg_class JOIN pg_catalog.pg_namespace ON pg_catalog.pg_namespace.oid = pg_catalog.pg_class.relnamespace 
WHERE pg_catalog.pg_class.relname = $1::VARCHAR AND pg_catalog.pg_class.relkind = ANY (ARRAY[$2::VARCHAR, $3::VARCHAR, $4::VARCHAR, $5::VARCHAR, $6::VARCHAR]) AND pg_catalog.pg_table_is_visible(pg_catalog.pg_class.oid) AND pg_catalog.pg_namespace.nspname != $7::VARCHAR
2025-12-15 08:42:53,931 - sqlalchemy.engine.Engine - INFO - [cached since 0.01324s ago] ('finance_upstream_receipts', 'r', 'p', 'f', 'v', 'm', 'pg_catalog')
2025-12-15 08:42:53,933 - sqlalchemy.engine.Engine - INFO - SELECT pg_catalog.pg_class.relname 
FROM pg_catalog.pg_class JOIN pg_catalog.pg_namespace ON pg_catalog.pg_namespace.oid = pg_catalog.pg_class.relnamespace 
WHERE pg_catalog.pg_class.relname = $1::VARCHAR AND pg_catalog.pg_class.relkind = ANY (ARRAY[$2::VARCHAR, $3::VARCHAR, $4::VARCHAR, $5::VARCHAR, $6::VARCHAR]) AND pg_catalog.pg_table_is_visible(pg_catalog.pg_class.oid) AND pg_catalog.pg_namespace.nspname != $7::VARCHAR
2025-12-15 08:42:53,933 - sqlalchemy.engine.Engine - INFO - [cached since 0.01514s ago] ('project_settlements', 'r', 'p', 'f', 'v', 'm', 'pg_catalog')
2025-12-15 08:42:53,935 - sqlalchemy.engine.Engine - INFO - SELECT pg_catalog.pg_class.relname 
FROM pg_catalog.pg_class JOIN pg_catalog.pg_namespace ON pg_catalog.pg_namespace.oid = pg_catalog.pg_class.relnamespace 
WHERE pg_catalog.pg_class.relname = $1::VARCHAR AND pg_catalog.pg_class.relkind = ANY (ARRAY[$2::VARCHAR, $3::VARCHAR, $4::VARCHAR, $5::VARCHAR, $6::VARCHAR]) AND pg_catalog.pg_table_is_visible(pg_catalog.pg_class.oid) AND pg_catalog.pg_namespace.nspname != $7::VARCHAR
2025-12-15 08:42:53,935 - sqlalchemy.engine.Engine - INFO - [cached since 0.0171s ago] ('contracts_downstream', 'r', 'p', 'f', 'v', 'm', 'pg_catalog')
2025-12-15 08:42:53,936 - sqlalchemy.engine.Engine - INFO - SELECT pg_catalog.pg_class.relname 
FROM pg_catalog.pg_class JOIN pg_catalog.pg_namespace ON pg_catalog.pg_namespace.oid = pg_catalog.pg_class.relnamespace 
WHERE pg_catalog.pg_class.relname = $1::VARCHAR AND pg_catalog.pg_class.relkind = ANY (ARRAY[$2::VARCHAR, $3::VARCHAR, $4::VARCHAR, $5::VARCHAR, $6::VARCHAR]) AND pg_catalog.pg_table_is_visible(pg_catalog.pg_class.oid) AND pg_catalog.pg_namespace.nspname != $7::VARCHAR
2025-12-15 08:42:53,936 - sqlalchemy.engine.Engine - INFO - [cached since 0.01812s ago] ('finance_downstream_payables', 'r', 'p', 'f', 'v', 'm', 'pg_catalog')
2025-12-15 08:42:53,937 - sqlalchemy.engine.Engine - INFO - SELECT pg_catalog.pg_class.relname 
FROM pg_catalog.pg_class JOIN pg_catalog.pg_namespace ON pg_catalog.pg_namespace.oid = pg_catalog.pg_class.relnamespace 
WHERE pg_catalog.pg_class.relname = $1::VARCHAR AND pg_catalog.pg_class.relkind = ANY (ARRAY[$2::VARCHAR, $3::VARCHAR, $4::VARCHAR, $5::VARCHAR, $6::VARCHAR]) AND pg_catalog.pg_table_is_visible(pg_catalog.pg_class.oid) AND pg_catalog.pg_namespace.nspname != $7::VARCHAR
2025-12-15 08:42:53,938 - sqlalchemy.engine.Engine - INFO - [cached since 0.01957s ago] ('finance_downstream_invoices', 'r', 'p', 'f', 'v', 'm', 'pg_catalog')
2025-12-15 08:42:53,939 - sqlalchemy.engine.Engine - INFO - SELECT pg_catalog.pg_class.relname 
FROM pg_catalog.pg_class JOIN pg_catalog.pg_namespace ON pg_catalog.pg_namespace.oid = pg_catalog.pg_class.relnamespace 
WHERE pg_catalog.pg_class.relname = $1::VARCHAR AND pg_catalog.pg_class.relkind = ANY (ARRAY[$2::VARCHAR, $3::VARCHAR, $4::VARCHAR, $5::VARCHAR, $6::VARCHAR]) AND pg_catalog.pg_table_is_visible(pg_catalog.pg_class.oid) AND pg_catalog.pg_namespace.nspname != $7::VARCHAR
2025-12-15 08:42:53,939 - sqlalchemy.engine.Engine - INFO - [cached since 0.02119s ago] ('finance_downstream_payments', 'r', 'p', 'f', 'v', 'm', 'pg_catalog')
2025-12-15 08:42:53,941 - sqlalchemy.engine.Engine - INFO - SELECT pg_catalog.pg_class.relname 
FROM pg_catalog.pg_class JOIN pg_catalog.pg_namespace ON pg_catalog.pg_namespace.oid = pg_catalog.pg_class.relnamespace 
WHERE pg_catalog.pg_class.relname = $1::VARCHAR AND pg_catalog.pg_class.relkind = ANY (ARRAY[$2::VARCHAR, $3::VARCHAR, $4::VARCHAR, $5::VARCHAR, $6::VARCHAR]) AND pg_catalog.pg_table_is_visible(pg_catalog.pg_class.oid) AND pg_catalog.pg_namespace.nspname != $7::VARCHAR
2025-12-15 08:42:53,941 - sqlalchemy.engine.Engine - INFO - [cached since 0.02308s ago] ('downstream_settlements', 'r', 'p', 'f', 'v', 'm', 'pg_catalog')
2025-12-15 08:42:53,943 - sqlalchemy.engine.Engine - INFO - SELECT pg_catalog.pg_class.relname 
FROM pg_catalog.pg_class JOIN pg_catalog.pg_namespace ON pg_catalog.pg_namespace.oid = pg_catalog.pg_class.relnamespace 
WHERE pg_catalog.pg_class.relname = $1::VARCHAR AND pg_catalog.pg_class.relkind = ANY (ARRAY[$2::VARCHAR, $3::VARCHAR, $4::VARCHAR, $5::VARCHAR, $6::VARCHAR]) AND pg_catalog.pg_table_is_visible(pg_catalog.pg_class.oid) AND pg_catalog.pg_namespace.nspname != $7::VARCHAR
2025-12-15 08:42:53,943 - sqlalchemy.engine.Engine - INFO - [cached since 0.02518s ago] ('contracts_management', 'r', 'p', 'f', 'v', 'm', 'pg_catalog')
2025-12-15 08:42:53,945 - sqlalchemy.engine.Engine - INFO - SELECT pg_catalog.pg_class.relname 
FROM pg_catalog.pg_class JOIN pg_catalog.pg_namespace ON pg_catalog.pg_namespace.oid = pg_catalog.pg_class.relnamespace 
WHERE pg_catalog.pg_class.relname = $1::VARCHAR AND pg_catalog.pg_class.relkind = ANY (ARRAY[$2::VARCHAR, $3::VARCHAR, $4::VARCHAR, $5::VARCHAR, $6::VARCHAR]) AND pg_catalog.pg_table_is_visible(pg_catalog.pg_class.oid) AND pg_catalog.pg_namespace.nspname != $7::VARCHAR
2025-12-15 08:42:53,945 - sqlalchemy.engine.Engine - INFO - [cached since 0.02716s ago] ('finance_management_payables', 'r', 'p', 'f', 'v', 'm', 'pg_catalog')
2025-12-15 08:42:53,947 - sqlalchemy.engine.Engine - INFO - SELECT pg_catalog.pg_class.relname 
FROM pg_catalog.pg_class JOIN pg_catalog.pg_namespace ON pg_catalog.pg_namespace.oid = pg_catalog.pg_class.relnamespace 
WHERE pg_catalog.pg_class.relname = $1::VARCHAR AND pg_catalog.pg_class.relkind = ANY (ARRAY[$2::VARCHAR, $3::VARCHAR, $4::VARCHAR, $5::VARCHAR, $6::VARCHAR]) AND pg_catalog.pg_table_is_visible(pg_catalog.pg_class.oid) AND pg_catalog.pg_namespace.nspname != $7::VARCHAR
2025-12-15 08:42:53,947 - sqlalchemy.engine.Engine - INFO - [cached since 0.02871s ago] ('finance_management_invoices', 'r', 'p', 'f', 'v', 'm', 'pg_catalog')
2025-12-15 08:42:53,948 - sqlalchemy.engine.Engine - INFO - SELECT pg_catalog.pg_class.relname 
FROM pg_catalog.pg_class JOIN pg_catalog.pg_namespace ON pg_catalog.pg_namespace.oid = pg_catalog.pg_class.relnamespace 
WHERE pg_catalog.pg_class.relname = $1::VARCHAR AND pg_catalog.pg_class.relkind = ANY (ARRAY[$2::VARCHAR, $3::VARCHAR, $4::VARCHAR, $5::VARCHAR, $6::VARCHAR]) AND pg_catalog.pg_table_is_visible(pg_catalog.pg_class.oid) AND pg_catalog.pg_namespace.nspname != $7::VARCHAR
2025-12-15 08:42:53,948 - sqlalchemy.engine.Engine - INFO - [cached since 0.03022s ago] ('finance_management_payments', 'r', 'p', 'f', 'v', 'm', 'pg_catalog')
2025-12-15 08:42:53,949 - sqlalchemy.engine.Engine - INFO - SELECT pg_catalog.pg_class.relname 
FROM pg_catalog.pg_class JOIN pg_catalog.pg_namespace ON pg_catalog.pg_namespace.oid = pg_catalog.pg_class.relnamespace 
WHERE pg_catalog.pg_class.relname = $1::VARCHAR AND pg_catalog.pg_class.relkind = ANY (ARRAY[$2::VARCHAR, $3::VARCHAR, $4::VARCHAR, $5::VARCHAR, $6::VARCHAR]) AND pg_catalog.pg_table_is_visible(pg_catalog.pg_class.oid) AND pg_catalog.pg_namespace.nspname != $7::VARCHAR
2025-12-15 08:42:53,950 - sqlalchemy.engine.Engine - INFO - [cached since 0.03143s ago] ('management_settlements', 'r', 'p', 'f', 'v', 'm', 'pg_catalog')
2025-12-15 08:42:53,951 - sqlalchemy.engine.Engine - INFO - SELECT pg_catalog.pg_class.relname 
FROM pg_catalog.pg_class JOIN pg_catalog.pg_namespace ON pg_catalog.pg_namespace.oid = pg_catalog.pg_class.relnamespace 
WHERE pg_catalog.pg_class.relname = $1::VARCHAR AND pg_catalog.pg_class.relkind = ANY (ARRAY[$2::VARCHAR, $3::VARCHAR, $4::VARCHAR, $5::VARCHAR, $6::VARCHAR]) AND pg_catalog.pg_table_is_visible(pg_catalog.pg_class.oid) AND pg_catalog.pg_namespace.nspname != $7::VARCHAR
2025-12-15 08:42:53,951 - sqlalchemy.engine.Engine - INFO - [cached since 0.03268s ago] ('expenses_non_contract', 'r', 'p', 'f', 'v', 'm', 'pg_catalog')
2025-12-15 08:42:53,952 - sqlalchemy.engine.Engine - INFO - SELECT pg_catalog.pg_class.relname 
FROM pg_catalog.pg_class JOIN pg_catalog.pg_namespace ON pg_catalog.pg_namespace.oid = pg_catalog.pg_class.relnamespace 
WHERE pg_catalog.pg_class.relname = $1::VARCHAR AND pg_catalog.pg_class.relkind = ANY (ARRAY[$2::VARCHAR, $3::VARCHAR, $4::VARCHAR, $5::VARCHAR, $6::VARCHAR]) AND pg_catalog.pg_table_is_visible(pg_catalog.pg_class.oid) AND pg_catalog.pg_namespace.nspname != $7::VARCHAR
2025-12-15 08:42:53,953 - sqlalchemy.engine.Engine - INFO - [cached since 0.03435s ago] ('audit_logs', 'r', 'p', 'f', 'v', 'm', 'pg_catalog')
2025-12-15 08:42:53,955 - sqlalchemy.engine.Engine - INFO - SELECT pg_catalog.pg_type.typname 
FROM pg_catalog.pg_type JOIN pg_catalog.pg_namespace ON pg_catalog.pg_namespace.oid = pg_catalog.pg_type.typnamespace 
WHERE pg_catalog.pg_type.typname = $1::VARCHAR AND pg_catalog.pg_type_is_visible(pg_catalog.pg_type.oid) AND pg_catalog.pg_namespace.nspname != $2::VARCHAR
2025-12-15 08:42:53,955 - sqlalchemy.engine.Engine - INFO - [generated in 0.00033s] ('userrole', 'pg_catalog')
2025-12-15 08:42:53,958 - sqlalchemy.engine.Engine - INFO - SELECT pg_catalog.pg_type.typname 
FROM pg_catalog.pg_type JOIN pg_catalog.pg_namespace ON pg_catalog.pg_namespace.oid = pg_catalog.pg_type.typnamespace 
WHERE pg_catalog.pg_type.typname = $1::VARCHAR AND pg_catalog.pg_type_is_visible(pg_catalog.pg_type.oid) AND pg_catalog.pg_namespace.nspname != $2::VARCHAR
2025-12-15 08:42:53,958 - sqlalchemy.engine.Engine - INFO - [cached since 0.003431s ago] ('contractcategory', 'pg_catalog')
2025-12-15 08:42:53,960 - sqlalchemy.engine.Engine - INFO - SELECT pg_catalog.pg_type.typname 
FROM pg_catalog.pg_type JOIN pg_catalog.pg_namespace ON pg_catalog.pg_namespace.oid = pg_catalog.pg_type.typnamespace 
WHERE pg_catalog.pg_type.typname = $1::VARCHAR AND pg_catalog.pg_type_is_visible(pg_catalog.pg_type.oid) AND pg_catalog.pg_namespace.nspname != $2::VARCHAR
2025-12-15 08:42:53,960 - sqlalchemy.engine.Engine - INFO - [cached since 0.005522s ago] ('pricingmode', 'pg_catalog')
2025-12-15 08:42:53,962 - sqlalchemy.engine.Engine - INFO - SELECT pg_catalog.pg_type.typname 
FROM pg_catalog.pg_type JOIN pg_catalog.pg_namespace ON pg_catalog.pg_namespace.oid = pg_catalog.pg_type.typnamespace 
WHERE pg_catalog.pg_type.typname = $1::VARCHAR AND pg_catalog.pg_type_is_visible(pg_catalog.pg_type.oid) AND pg_catalog.pg_namespace.nspname != $2::VARCHAR
2025-12-15 08:42:53,962 - sqlalchemy.engine.Engine - INFO - [cached since 0.00746s ago] ('managementmode', 'pg_catalog')
2025-12-15 08:42:53,964 - sqlalchemy.engine.Engine - INFO - SELECT pg_catalog.pg_type.typname 
FROM pg_catalog.pg_type JOIN pg_catalog.pg_namespace ON pg_catalog.pg_namespace.oid = pg_catalog.pg_type.typnamespace 
WHERE pg_catalog.pg_type.typname = $1::VARCHAR AND pg_catalog.pg_type_is_visible(pg_catalog.pg_type.oid) AND pg_catalog.pg_namespace.nspname != $2::VARCHAR
2025-12-15 08:42:53,964 - sqlalchemy.engine.Engine - INFO - [cached since 0.009294s ago] ('receivablecategory', 'pg_catalog')
2025-12-15 08:42:53,965 - sqlalchemy.engine.Engine - INFO - SELECT pg_catalog.pg_type.typname 
FROM pg_catalog.pg_type JOIN pg_catalog.pg_namespace ON pg_catalog.pg_namespace.oid = pg_catalog.pg_type.typnamespace 
WHERE pg_catalog.pg_type.typname = $1::VARCHAR AND pg_catalog.pg_type_is_visible(pg_catalog.pg_type.oid) AND pg_catalog.pg_namespace.nspname != $2::VARCHAR
2025-12-15 08:42:53,966 - sqlalchemy.engine.Engine - INFO - [cached since 0.01105s ago] ('paymentcategory', 'pg_catalog')
2025-12-15 08:42:53,967 - sqlalchemy.engine.Engine - INFO - COMMIT
2025-12-15 08:42:53,968 - app - INFO - ✅ Database tables initialized
2025-12-15 08:42:53,971 - sqlalchemy.engine.Engine - INFO - BEGIN (implicit)
2025-12-15 08:42:54,000 - sqlalchemy.engine.Engine - INFO - SELECT users.id, users.username, users.email, users.hashed_password, users.full_name, users.role, users.is_active, users.is_superuser, users.created_at, users.updated_at, users.last_login 
FROM users 
WHERE users.username = $1::VARCHAR
2025-12-15 08:42:54,001 - sqlalchemy.engine.Engine - INFO - [generated in 0.00045s] ('admin',)
2025-12-15 08:42:54,021 - sqlalchemy.engine.Engine - INFO - ROLLBACK
2025-12-15 08:55:57,192 - app - INFO - 👋 Application shutdown complete
